<?xml version="1.0" encoding="UTF-8"?>
<!-- Generated by org.testng.reporters.JUnitReportReporter -->
<testsuite skipped="0" hostname="LAPTOP-R0FI7S9S" name="learntestng.LoginTest2" tests="1" failures="0" timestamp="08 Oct 2022 16:32:25 GMT" time="4.105" errors="0">
  <testcase name="loginTest" time="4.105" classname="learntestng.LoginTest2"/>
</testsuite> <!-- learntestng.LoginTest2 -->
